<?xml version='1.0' encoding='UTF-8'?>
<testsuite hostname="Bens-MacBook-Pro-2.local" name="ShoppingSpec" tests="8" errors="0" failures="0" skipped="0" time="0.023" timestamp="2021-03-29T20:59:18">
                     <properties>
[...]
</properties>
                     <testcase classname="ShoppingSpec" name="priceForDeals should return the cost for items that made the deal quantity" time="0.013">
                                                 
                                               </testcase><testcase classname="ShoppingSpec" name="priceForNoDeals should return the cost of remainder items that didn't make the deal quantity" time="0.001">
                                                 
                                               </testcase><testcase classname="ShoppingSpec" name="priceWhenItemHasNoDealValues should return the price for a number of items that have no deal values" time="0.0">
                                                 
                                               </testcase><testcase classname="ShoppingSpec" name="removeInvalidItems should return a string only of item in the costs map" time="0.004">
                                                 
                                               </testcase><testcase classname="ShoppingSpec" name="removeInvalidItems should not blow up if an item is invalid" time="0.0">
                                                 
                                               </testcase><testcase classname="ShoppingSpec" name="createToBuyMap should return a map of key: items, value: number of itmes" time="0.002">
                                                 
                                               </testcase><testcase classname="ShoppingSpec" name="total should return the total cost of the items 'aacba'" time="0.003">
                                                 
                                               </testcase><testcase classname="ShoppingSpec" name="updatePriceMap should return an updated  map of costs" time="0.0">
                                                 
                                               </testcase>
                     <system-out><![CDATA[]]></system-out>
                     <system-err><![CDATA[]]></system-err>
                   </testsuite>