<?xml version='1.0' encoding='UTF-8'?>
<testsuite hostname="Bens-MacBook-Pro-2.local" name="ShoppingSpec" tests="11" errors="0" failures="0" skipped="0" time="0.016" timestamp="2021-03-25T21:41:59">
                     <properties>
[...]
</properties>
                     <testcase classname="ShoppingSpec" name="costs should get the price for 'a'" time="0.01">
                                                 
                                               </testcase><testcase classname="ShoppingSpec" name="costs should get the numForDeal for 'a'" time="0.0">
                                                 
                                               </testcase><testcase classname="ShoppingSpec" name="costs should get the priceForDeal for 'a'" time="0.0">
                                                 
                                               </testcase><testcase classname="ShoppingSpec" name="costs should not get the price for 'a'" time="0.003">
                                                 
                                               </testcase><testcase classname="ShoppingSpec" name="priceForDeals should return the cost for the amount of deals" time="0.002">
                                                 
                                               </testcase><testcase classname="ShoppingSpec" name="priceForDeals should not return the price for the deal" time="0.0">
                                                 
                                               </testcase><testcase classname="ShoppingSpec" name="priceForNoDeals should return the price for left over item that didn't make the deal" time="0.0">
                                                 
                                               </testcase><testcase classname="ShoppingSpec" name="priceForNoDeals should not return the price for left over item that didn't make the deal" time="0.0">
                                                 
                                               </testcase><testcase classname="ShoppingSpec" name="priceWhenItemHasNoDealValues should return the price for a number of items that have no deal values" time="0.0">
                                                 
                                               </testcase><testcase classname="ShoppingSpec" name="checkItemIsValid should return true" time="0.001">
                                                 
                                               </testcase><testcase classname="ShoppingSpec" name="checkItemIsValid should return false" time="0.0">
                                                 
                                               </testcase>
                     <system-out><![CDATA[]]></system-out>
                     <system-err><![CDATA[]]></system-err>
                   </testsuite>